<?xml version="1.0" encoding="UTF-8"?>
<coverage generated="1771931993225" clover="3.2.0">
  <project timestamp="1771931993226" name="All files">
    <metrics statements="31" coveredstatements="31" conditionals="8" coveredconditionals="5" methods="9" coveredmethods="9" elements="48" coveredelements="45" complexity="0" loc="31" ncloc="31" packages="1" files="1" classes="1"/>
    <file name="constructorSlice.ts" path="C:\Users\Mateu\stellar-burgers\src\services\constructorSlice.ts">
      <metrics statements="31" coveredstatements="31" conditionals="8" coveredconditionals="5" methods="9" coveredmethods="9"/>
      <line num="9" count="1" type="stmt"/>
      <line num="14" count="1" type="stmt"/>
      <line num="19" count="2" type="stmt"/>
      <line num="20" count="2" type="cond" truecount="2" falsecount="0"/>
      <line num="21" count="1" type="stmt"/>
      <line num="23" count="1" type="stmt"/>
      <line num="27" count="1" type="stmt"/>
      <line num="28" count="2" type="stmt"/>
      <line num="35" count="1" type="stmt"/>
      <line num="36" count="1" type="stmt"/>
      <line num="37" count="1" type="cond" truecount="1" falsecount="1"/>
      <line num="38" count="1" type="stmt"/>
      <line num="39" count="1" type="stmt"/>
      <line num="43" count="1" type="stmt"/>
      <line num="44" count="1" type="stmt"/>
      <line num="45" count="2" type="stmt"/>
      <line num="47" count="1" type="cond" truecount="1" falsecount="1"/>
      <line num="48" count="1" type="stmt"/>
      <line num="49" count="1" type="stmt"/>
      <line num="50" count="1" type="stmt"/>
      <line num="54" count="1" type="stmt"/>
      <line num="55" count="1" type="stmt"/>
      <line num="56" count="1" type="stmt"/>
      <line num="58" count="1" type="cond" truecount="1" falsecount="1"/>
      <line num="59" count="1" type="stmt"/>
      <line num="60" count="1" type="stmt"/>
      <line num="61" count="1" type="stmt"/>
      <line num="65" count="1" type="stmt"/>
      <line num="66" count="1" type="stmt"/>
      <line num="78" count="1" type="stmt"/>
      <line num="80" count="1" type="stmt"/>
    </file>
  </project>
</coverage>
