TN:
SF:src\services\constructorSlice.ts
FN:18,(anonymous_0)
FN:26,(anonymous_1)
FN:28,(anonymous_2)
FN:31,(anonymous_3)
FN:42,(anonymous_4)
FN:45,(anonymous_5)
FN:53,(anonymous_6)
FN:56,(anonymous_7)
FN:64,(anonymous_8)
FNF:9
FNH:9
FNDA:2,(anonymous_0)
FNDA:1,(anonymous_1)
FNDA:2,(anonymous_2)
FNDA:1,(anonymous_3)
FNDA:1,(anonymous_4)
FNDA:2,(anonymous_5)
FNDA:1,(anonymous_6)
FNDA:1,(anonymous_7)
FNDA:1,(anonymous_8)
DA:9,1
DA:14,1
DA:19,2
DA:20,2
DA:21,1
DA:23,1
DA:27,1
DA:28,2
DA:35,1
DA:36,1
DA:37,1
DA:38,1
DA:39,1
DA:43,1
DA:44,1
DA:45,2
DA:47,1
DA:48,1
DA:49,1
DA:50,1
DA:54,1
DA:55,1
DA:56,1
DA:58,1
DA:59,1
DA:60,1
DA:61,1
DA:65,1
DA:66,1
DA:78,1
DA:80,1
LF:31
LH:31
BRDA:20,0,0,1
BRDA:20,0,1,1
BRDA:37,1,0,1
BRDA:37,1,1,0
BRDA:47,2,0,1
BRDA:47,2,1,0
BRDA:58,3,0,1
BRDA:58,3,1,0
BRF:8
BRH:5
end_of_record
